<?xml version="1.0" encoding="UTF-8"?>
<!-- Generated by org.testng.reporters.JUnitReportReporter -->
<testsuite skipped="0" hostname="DESKTOP-MJ9UR34" name="org.rahulshettyacademy.DemoTest" tests="2" failures="0" timestamp="05 Mar 2021 05:01:47 GMT" time="18.161" errors="0">
  <testcase name="flightTest" time="11.635" classname="org.rahulshettyacademy.DemoTest"/>
  <testcase name="flightTest" time="6.526" classname="org.rahulshettyacademy.DemoTest"/>
</testsuite> <!-- org.rahulshettyacademy.DemoTest -->
